<?xml version="1.0" encoding="utf-8"?><testsuites name="pytest tests"><testsuite name="pytest" errors="0" failures="0" skipped="0" tests="9" time="1.692" timestamp="2026-07-26T11:38:53.329877+00:00" hostname="agent-env-24ecb38c-5ef2-4647-85b5-f5a5d909dac3"><testcase classname="tests.test_wiv_backend.TestContact" name="test_contact_valid" time="0.775" /><testcase classname="tests.test_wiv_backend.TestDonations" name="test_donate_valid_creates_checkout" time="0.796" /><testcase classname="tests.test_wiv_backend.TestContact" name="test_contact_invalid_email" time="0.046" /><testcase classname="tests.test_wiv_backend.TestDonations" name="test_status_pending_for_new_session" time="0.194" /><testcase classname="tests.test_wiv_backend.TestConfig" name="test_config_flags" time="0.129" /><testcase classname="tests.test_wiv_backend.TestPayPal" name="test_paypal_create_503" time="0.048" /><testcase classname="tests.test_wiv_backend.TestDonations" name="test_status_unknown_session_404" time="0.086" /><testcase classname="tests.test_wiv_backend.TestDonations" name="test_donate_below_min_returns_400" time="0.049" /><testcase classname="tests.test_wiv_backend.TestDonations" name="test_donate_invalid_email_422" time="0.045" /></testsuite></testsuites>