<?xml version="1.0" encoding="utf-8"?><testsuites name="pytest tests"><testsuite name="pytest" errors="0" failures="0" skipped="0" tests="16" time="1.943" timestamp="2026-07-26T14:04:51.716925+00:00" hostname="agent-env-24ecb38c-5ef2-4647-85b5-f5a5d909dac3"><testcase classname="tests.test_wiv_backend.TestProjects" name="test_projects_by_country" time="0.868" /><testcase classname="tests.test_wiv_backend.TestCheckout" name="test_checkout_project" time="0.880" /><testcase classname="tests.test_wiv_backend.TestProjects" name="test_project_detail" time="0.043" /><testcase classname="tests.test_wiv_backend.TestCheckout" name="test_status_pending" time="0.168" /><testcase classname="tests.test_wiv_backend.TestProjects" name="test_project_unknown_404" time="0.137" /><testcase classname="tests.test_wiv_backend.TestCheckout" name="test_status_unknown_404" time="0.091" /><testcase classname="tests.test_wiv_backend.TestCourses" name="test_courses_by_country" time="0.045" /><testcase classname="tests.test_wiv_backend.TestCourses" name="test_course_detail" time="0.046" /><testcase classname="tests.test_wiv_backend.TestCheckout" name="test_checkout_unknown_slug_404" time="0.044" /><testcase classname="tests.test_wiv_backend.TestCourses" name="test_course_unknown_404" time="0.055" /><testcase classname="tests.test_wiv_backend.TestRegistrations" name="test_registration_project" time="0.096" /><testcase classname="tests.test_wiv_backend.TestConfig" name="test_config_flags" time="0.045" /><testcase classname="tests.test_wiv_backend.TestCountries" name="test_countries" time="0.041" /><testcase classname="tests.test_wiv_backend.TestRegistrations" name="test_registration_course" time="0.088" /><testcase classname="tests.test_wiv_backend.TestPayPal" name="test_paypal_503" time="0.043" /><testcase classname="tests.test_wiv_backend.TestRegistrations" name="test_registration_unknown_slug_404" time="0.045" /></testsuite></testsuites>